<?xml version="1.0" encoding="UTF-8"?>
<testsuites name="Data_csv" time="118.183" tests="5" failures="0" errors="0">
   <testsuite name="Data_csv" tests="5" failures="0" errors="0" time="118.183" skipped="0" timestamp="2022-12-26 14:31:29" hostname="gabrielcrooke - 192.168.4.254" id="Test Suites/Data_csv">
      <properties>
         <property name="deviceName" value=""/>
         <property name="devicePlatform" value=""/>
         <property name="logFolder" value="/Users/gabrielcrooke/Katalon Studio/Sample - Web API Tests/Reports/20221226_143109/Data_csv/20221226_143109"/>
         <property name="logFiles" value="/Users/gabrielcrooke/Katalon Studio/Sample - Web API Tests/Reports/20221226_143109/Data_csv/20221226_143109/execution0.log"/>
         <property name="attachments" value=""/>
         <property name="hostName" value="gabrielcrooke - 192.168.4.254"/>
         <property name="os" value="Mac OS X 64bit"/>
         <property name="katalonVersion" value="8.5.3.208"/>
         <property name="browser" value="Chrome 108.0.0.0"/>
         <property name="hostAddress" value="192.168.4.254"/>
         <property name="sessionId" value="d961bea0c34cb1ad85e1564ba50c36b5"/>
         <property name="seleniumVersion" value="3.141.59"/>
         <property name="proxyInformation" value="ProxyInformation { proxyOption=NO_PROXY, proxyServerType=HTTP, username=, password=********, proxyServerAddress=, proxyServerPort=0, executionList=&quot;&quot;, isApplyToDesiredCapabilities=true }"/>
         <property name="platform" value="Mac OS X"/>
      </properties>
      <testcase name="Test Cases/Data_excell/Data_excell" time="33.904" classname="Test Cases/Data_excell/Data_excell" status="PASSED">
         <system-out><![CDATA[2022-12-26 14:31:30 - [TEST_CASE][PASSED] - Test Cases/Data_excell/Data_excell: Test Cases/Data_excell/Data_excell

2022-12-26 14:31:30 - [TEST_STEP][PASSED] - openBrowser(""): Browser is opened with url: ''

2022-12-26 14:31:31 - [MESSAGE][INFO] - Starting 'Chrome' driver

2022-12-26 14:31:31 - [MESSAGE][INFO] - Action delay is set to 0 milliseconds

2022-12-26 14:31:35 - [MESSAGE][PASSED] - Browser is opened with url: ''

2022-12-26 14:31:35 - [TEST_STEP][PASSED] - navigateToUrl("https://demoqa.com/automation-practice-form"): Navigate to 'https://demoqa.com/automation-practice-form' successfully

2022-12-26 14:31:56 - [MESSAGE][PASSED] - Navigate to 'https://demoqa.com/automation-practice-form' successfully

2022-12-26 14:31:56 - [TEST_STEP][PASSED] - waitForPageLoad(30): Wait for page load successfully

2022-12-26 14:31:56 - [MESSAGE][PASSED] - Wait for page load successfully

2022-12-26 14:31:56 - [TEST_STEP][PASSED] - maximizeWindow(): Current window maximized

2022-12-26 14:31:58 - [MESSAGE][PASSED] - Current window maximized

2022-12-26 14:31:58 - [TEST_STEP][PASSED] - setText(findTestObject("Object Repository/Data_externaExc/Page_ToolsQA/input_Name_firstName"), nombre): Text 'Nombre1' is set on object 'Object Repository/Data_externaExc/Page_ToolsQA/input_Name_firstName'

2022-12-26 14:32:00 - [MESSAGE][PASSED] - Text 'Nombre1' is set on object 'Object Repository/Data_externaExc/Page_ToolsQA/input_Name_firstName'

2022-12-26 14:32:00 - [TEST_STEP][PASSED] - setText(findTestObject("Object Repository/Data_externaExc/Page_ToolsQA/input_Name_lastName"), apellido): Text 'Apellido1' is set on object 'Object Repository/Data_externaExc/Page_ToolsQA/input_Name_lastName'

2022-12-26 14:32:01 - [MESSAGE][PASSED] - Text 'Apellido1' is set on object 'Object Repository/Data_externaExc/Page_ToolsQA/input_Name_lastName'

2022-12-26 14:32:01 - [TEST_STEP][PASSED] - setText(findTestObject("Object Repository/Data_externaExc/Page_ToolsQA/input_Email_userEmail"), email): Text 'email1@gmail.com1' is set on object 'Object Repository/Data_externaExc/Page_ToolsQA/input_Email_userEmail'

2022-12-26 14:32:02 - [MESSAGE][PASSED] - Text 'email1@gmail.com1' is set on object 'Object Repository/Data_externaExc/Page_ToolsQA/input_Email_userEmail'

2022-12-26 14:32:02 - [TEST_STEP][PASSED] - delay(2): Delayed 2 second(s)

2022-12-26 14:32:04 - [MESSAGE][PASSED] - Delayed 2 second(s)

2022-12-26 14:32:04 - [TEST_STEP][PASSED] - closeBrowser(): Browser is closed

2022-12-26 14:32:04 - [MESSAGE][PASSED] - Browser is closed]]></system-out>
         <system-err><![CDATA[]]></system-err>
      </testcase>
      <testcase name="Test Cases/Data_excell/Data_excell" time="23.671" classname="Test Cases/Data_excell/Data_excell" status="PASSED">
         <system-out><![CDATA[2022-12-26 14:32:04 - [TEST_CASE][PASSED] - Test Cases/Data_excell/Data_excell: Test Cases/Data_excell/Data_excell

2022-12-26 14:32:04 - [TEST_STEP][PASSED] - openBrowser(""): Browser is opened with url: ''

2022-12-26 14:32:04 - [MESSAGE][INFO] - Starting 'Chrome' driver

2022-12-26 14:32:04 - [MESSAGE][INFO] - Action delay is set to 0 milliseconds

2022-12-26 14:32:06 - [MESSAGE][PASSED] - Browser is opened with url: ''

2022-12-26 14:32:06 - [TEST_STEP][PASSED] - navigateToUrl("https://demoqa.com/automation-practice-form"): Navigate to 'https://demoqa.com/automation-practice-form' successfully

2022-12-26 14:32:20 - [MESSAGE][PASSED] - Navigate to 'https://demoqa.com/automation-practice-form' successfully

2022-12-26 14:32:20 - [TEST_STEP][PASSED] - waitForPageLoad(30): Wait for page load successfully

2022-12-26 14:32:20 - [MESSAGE][PASSED] - Wait for page load successfully

2022-12-26 14:32:20 - [TEST_STEP][PASSED] - maximizeWindow(): Current window maximized

2022-12-26 14:32:21 - [MESSAGE][PASSED] - Current window maximized

2022-12-26 14:32:21 - [TEST_STEP][PASSED] - setText(findTestObject("Object Repository/Data_externaExc/Page_ToolsQA/input_Name_firstName"), nombre): Text 'Nombre2' is set on object 'Object Repository/Data_externaExc/Page_ToolsQA/input_Name_firstName'

2022-12-26 14:32:24 - [MESSAGE][PASSED] - Text 'Nombre2' is set on object 'Object Repository/Data_externaExc/Page_ToolsQA/input_Name_firstName'

2022-12-26 14:32:24 - [TEST_STEP][PASSED] - setText(findTestObject("Object Repository/Data_externaExc/Page_ToolsQA/input_Name_lastName"), apellido): Text 'Apellido2' is set on object 'Object Repository/Data_externaExc/Page_ToolsQA/input_Name_lastName'

2022-12-26 14:32:25 - [MESSAGE][PASSED] - Text 'Apellido2' is set on object 'Object Repository/Data_externaExc/Page_ToolsQA/input_Name_lastName'

2022-12-26 14:32:25 - [TEST_STEP][PASSED] - setText(findTestObject("Object Repository/Data_externaExc/Page_ToolsQA/input_Email_userEmail"), email): Text 'email1@gmail.com2' is set on object 'Object Repository/Data_externaExc/Page_ToolsQA/input_Email_userEmail'

2022-12-26 14:32:25 - [MESSAGE][PASSED] - Text 'email1@gmail.com2' is set on object 'Object Repository/Data_externaExc/Page_ToolsQA/input_Email_userEmail'

2022-12-26 14:32:25 - [TEST_STEP][PASSED] - delay(2): Delayed 2 second(s)

2022-12-26 14:32:27 - [MESSAGE][PASSED] - Delayed 2 second(s)

2022-12-26 14:32:27 - [TEST_STEP][PASSED] - closeBrowser(): Browser is closed

2022-12-26 14:32:28 - [MESSAGE][PASSED] - Browser is closed]]></system-out>
         <system-err><![CDATA[]]></system-err>
      </testcase>
      <testcase name="Test Cases/Data_excell/Data_excell" time="18.913" classname="Test Cases/Data_excell/Data_excell" status="PASSED">
         <system-out><![CDATA[2022-12-26 14:32:28 - [TEST_CASE][PASSED] - Test Cases/Data_excell/Data_excell: Test Cases/Data_excell/Data_excell

2022-12-26 14:32:28 - [TEST_STEP][PASSED] - openBrowser(""): Browser is opened with url: ''

2022-12-26 14:32:28 - [MESSAGE][INFO] - Starting 'Chrome' driver

2022-12-26 14:32:28 - [MESSAGE][INFO] - Action delay is set to 0 milliseconds

2022-12-26 14:32:30 - [MESSAGE][PASSED] - Browser is opened with url: ''

2022-12-26 14:32:30 - [TEST_STEP][PASSED] - navigateToUrl("https://demoqa.com/automation-practice-form"): Navigate to 'https://demoqa.com/automation-practice-form' successfully

2022-12-26 14:32:39 - [MESSAGE][PASSED] - Navigate to 'https://demoqa.com/automation-practice-form' successfully

2022-12-26 14:32:39 - [TEST_STEP][PASSED] - waitForPageLoad(30): Wait for page load successfully

2022-12-26 14:32:39 - [MESSAGE][PASSED] - Wait for page load successfully

2022-12-26 14:32:39 - [TEST_STEP][PASSED] - maximizeWindow(): Current window maximized

2022-12-26 14:32:40 - [MESSAGE][PASSED] - Current window maximized

2022-12-26 14:32:40 - [TEST_STEP][PASSED] - setText(findTestObject("Object Repository/Data_externaExc/Page_ToolsQA/input_Name_firstName"), nombre): Text 'Nombre3' is set on object 'Object Repository/Data_externaExc/Page_ToolsQA/input_Name_firstName'

2022-12-26 14:32:42 - [MESSAGE][PASSED] - Text 'Nombre3' is set on object 'Object Repository/Data_externaExc/Page_ToolsQA/input_Name_firstName'

2022-12-26 14:32:42 - [TEST_STEP][PASSED] - setText(findTestObject("Object Repository/Data_externaExc/Page_ToolsQA/input_Name_lastName"), apellido): Text 'Apellido3' is set on object 'Object Repository/Data_externaExc/Page_ToolsQA/input_Name_lastName'

2022-12-26 14:32:44 - [MESSAGE][PASSED] - Text 'Apellido3' is set on object 'Object Repository/Data_externaExc/Page_ToolsQA/input_Name_lastName'

2022-12-26 14:32:44 - [TEST_STEP][PASSED] - setText(findTestObject("Object Repository/Data_externaExc/Page_ToolsQA/input_Email_userEmail"), email): Text 'email1@gmail.com3' is set on object 'Object Repository/Data_externaExc/Page_ToolsQA/input_Email_userEmail'

2022-12-26 14:32:44 - [MESSAGE][PASSED] - Text 'email1@gmail.com3' is set on object 'Object Repository/Data_externaExc/Page_ToolsQA/input_Email_userEmail'

2022-12-26 14:32:44 - [TEST_STEP][PASSED] - delay(2): Delayed 2 second(s)

2022-12-26 14:32:46 - [MESSAGE][PASSED] - Delayed 2 second(s)

2022-12-26 14:32:46 - [TEST_STEP][PASSED] - closeBrowser(): Browser is closed

2022-12-26 14:32:47 - [MESSAGE][PASSED] - Browser is closed]]></system-out>
         <system-err><![CDATA[]]></system-err>
      </testcase>
      <testcase name="Test Cases/Data_excell/Data_excell" time="16.072" classname="Test Cases/Data_excell/Data_excell" status="PASSED">
         <system-out><![CDATA[2022-12-26 14:32:47 - [TEST_CASE][PASSED] - Test Cases/Data_excell/Data_excell: Test Cases/Data_excell/Data_excell

2022-12-26 14:32:47 - [TEST_STEP][PASSED] - openBrowser(""): Browser is opened with url: ''

2022-12-26 14:32:47 - [MESSAGE][INFO] - Starting 'Chrome' driver

2022-12-26 14:32:47 - [MESSAGE][INFO] - Action delay is set to 0 milliseconds

2022-12-26 14:32:48 - [MESSAGE][PASSED] - Browser is opened with url: ''

2022-12-26 14:32:48 - [TEST_STEP][PASSED] - navigateToUrl("https://demoqa.com/automation-practice-form"): Navigate to 'https://demoqa.com/automation-practice-form' successfully

2022-12-26 14:32:56 - [MESSAGE][PASSED] - Navigate to 'https://demoqa.com/automation-practice-form' successfully

2022-12-26 14:32:56 - [TEST_STEP][PASSED] - waitForPageLoad(30): Wait for page load successfully

2022-12-26 14:32:56 - [MESSAGE][PASSED] - Wait for page load successfully

2022-12-26 14:32:56 - [TEST_STEP][PASSED] - maximizeWindow(): Current window maximized

2022-12-26 14:32:56 - [MESSAGE][PASSED] - Current window maximized

2022-12-26 14:32:56 - [TEST_STEP][PASSED] - setText(findTestObject("Object Repository/Data_externaExc/Page_ToolsQA/input_Name_firstName"), nombre): Text 'Nombre4' is set on object 'Object Repository/Data_externaExc/Page_ToolsQA/input_Name_firstName'

2022-12-26 14:32:59 - [MESSAGE][PASSED] - Text 'Nombre4' is set on object 'Object Repository/Data_externaExc/Page_ToolsQA/input_Name_firstName'

2022-12-26 14:32:59 - [TEST_STEP][PASSED] - setText(findTestObject("Object Repository/Data_externaExc/Page_ToolsQA/input_Name_lastName"), apellido): Text 'Apellido4' is set on object 'Object Repository/Data_externaExc/Page_ToolsQA/input_Name_lastName'

2022-12-26 14:33:00 - [MESSAGE][PASSED] - Text 'Apellido4' is set on object 'Object Repository/Data_externaExc/Page_ToolsQA/input_Name_lastName'

2022-12-26 14:33:00 - [TEST_STEP][PASSED] - setText(findTestObject("Object Repository/Data_externaExc/Page_ToolsQA/input_Email_userEmail"), email): Text 'email1@gmail.com4' is set on object 'Object Repository/Data_externaExc/Page_ToolsQA/input_Email_userEmail'

2022-12-26 14:33:01 - [MESSAGE][PASSED] - Text 'email1@gmail.com4' is set on object 'Object Repository/Data_externaExc/Page_ToolsQA/input_Email_userEmail'

2022-12-26 14:33:01 - [TEST_STEP][PASSED] - delay(2): Delayed 2 second(s)

2022-12-26 14:33:03 - [MESSAGE][PASSED] - Delayed 2 second(s)

2022-12-26 14:33:03 - [TEST_STEP][PASSED] - closeBrowser(): Browser is closed

2022-12-26 14:33:03 - [MESSAGE][PASSED] - Browser is closed]]></system-out>
         <system-err><![CDATA[]]></system-err>
      </testcase>
      <testcase name="Test Cases/Data_excell/Data_excell" time="24.717" classname="Test Cases/Data_excell/Data_excell" status="PASSED">
         <system-out><![CDATA[2022-12-26 14:33:03 - [TEST_CASE][PASSED] - Test Cases/Data_excell/Data_excell: Test Cases/Data_excell/Data_excell

2022-12-26 14:33:03 - [TEST_STEP][PASSED] - openBrowser(""): Browser is opened with url: ''

2022-12-26 14:33:03 - [MESSAGE][INFO] - Starting 'Chrome' driver

2022-12-26 14:33:03 - [MESSAGE][INFO] - Action delay is set to 0 milliseconds

2022-12-26 14:33:04 - [MESSAGE][PASSED] - Browser is opened with url: ''

2022-12-26 14:33:04 - [TEST_STEP][PASSED] - navigateToUrl("https://demoqa.com/automation-practice-form"): Navigate to 'https://demoqa.com/automation-practice-form' successfully

2022-12-26 14:33:19 - [MESSAGE][PASSED] - Navigate to 'https://demoqa.com/automation-practice-form' successfully

2022-12-26 14:33:19 - [TEST_STEP][PASSED] - waitForPageLoad(30): Wait for page load successfully

2022-12-26 14:33:19 - [MESSAGE][PASSED] - Wait for page load successfully

2022-12-26 14:33:19 - [TEST_STEP][PASSED] - maximizeWindow(): Current window maximized

2022-12-26 14:33:20 - [MESSAGE][PASSED] - Current window maximized

2022-12-26 14:33:20 - [TEST_STEP][PASSED] - setText(findTestObject("Object Repository/Data_externaExc/Page_ToolsQA/input_Name_firstName"), nombre): Text 'Nombre5' is set on object 'Object Repository/Data_externaExc/Page_ToolsQA/input_Name_firstName'

2022-12-26 14:33:23 - [MESSAGE][PASSED] - Text 'Nombre5' is set on object 'Object Repository/Data_externaExc/Page_ToolsQA/input_Name_firstName'

2022-12-26 14:33:23 - [TEST_STEP][PASSED] - setText(findTestObject("Object Repository/Data_externaExc/Page_ToolsQA/input_Name_lastName"), apellido): Text 'Apellido5' is set on object 'Object Repository/Data_externaExc/Page_ToolsQA/input_Name_lastName'

2022-12-26 14:33:24 - [MESSAGE][PASSED] - Text 'Apellido5' is set on object 'Object Repository/Data_externaExc/Page_ToolsQA/input_Name_lastName'

2022-12-26 14:33:24 - [TEST_STEP][PASSED] - setText(findTestObject("Object Repository/Data_externaExc/Page_ToolsQA/input_Email_userEmail"), email): Text 'email1@gmail.com5' is set on object 'Object Repository/Data_externaExc/Page_ToolsQA/input_Email_userEmail'

2022-12-26 14:33:25 - [MESSAGE][PASSED] - Text 'email1@gmail.com5' is set on object 'Object Repository/Data_externaExc/Page_ToolsQA/input_Email_userEmail'

2022-12-26 14:33:25 - [TEST_STEP][PASSED] - delay(2): Delayed 2 second(s)

2022-12-26 14:33:27 - [MESSAGE][PASSED] - Delayed 2 second(s)

2022-12-26 14:33:27 - [TEST_STEP][PASSED] - closeBrowser(): Browser is closed

2022-12-26 14:33:27 - [MESSAGE][PASSED] - Browser is closed]]></system-out>
         <system-err><![CDATA[]]></system-err>
      </testcase>
      <system-out><![CDATA[2022-12-26 14:31:29 - [TEST_SUITE][PASSED] - Data_csv: Test Cases/Data_excell/Data_excell]]></system-out>
      <system-err><![CDATA[]]></system-err>
   </testsuite>
</testsuites>
