<?xml version="1.0" encoding="UTF-8"?>
<testsuites name="Test_suite_2" time="147.25" tests="4" failures="0" errors="0">
   <testsuite name="Test_suite_2" tests="4" failures="0" errors="0" time="147.25" skipped="0" timestamp="2022-12-20 09:30:37" hostname="gabrielcrooke - 192.168.4.65" id="Test Suites/Test_suite_2">
      <properties>
         <property name="deviceName" value=""/>
         <property name="devicePlatform" value=""/>
         <property name="logFolder" value="/Users/gabrielcrooke/Katalon Studio/Sample - Web API Tests/Reports/20221220_092840/Test_suite_2/20221220_092914"/>
         <property name="logFiles" value="/Users/gabrielcrooke/Katalon Studio/Sample - Web API Tests/Reports/20221220_092840/Test_suite_2/20221220_092914/execution0.log"/>
         <property name="attachments" value="/Users/gabrielcrooke/Katalon Studio/Sample - Web API Tests/imagenes/testScreen1.png, /Users/gabrielcrooke/Katalon Studio/Sample - Web API Tests/imagenes/testScreen12.png"/>
         <property name="hostName" value="gabrielcrooke - 192.168.4.65"/>
         <property name="os" value="Mac OS X 64bit"/>
         <property name="katalonVersion" value="8.5.3.208"/>
         <property name="browser" value="Firefox 108.0"/>
         <property name="hostAddress" value="192.168.4.65"/>
         <property name="sessionId" value="555f032f-1241-4b8c-b960-aff1cf1f570e"/>
         <property name="seleniumVersion" value="3.141.59"/>
         <property name="proxyInformation" value="ProxyInformation { proxyOption=NO_PROXY, proxyServerType=HTTP, username=, password=********, proxyServerAddress=, proxyServerPort=0, executionList=&quot;&quot;, isApplyToDesiredCapabilities=true }"/>
         <property name="platform" value="Mac OS X"/>
      </properties>
      <testcase name="Test Cases/Reto_2/Reto_2" time="65.259" classname="Test Cases/Reto_2/Reto_2" status="PASSED">
         <system-out><![CDATA[2022-12-20 09:30:38 - [TEST_CASE][PASSED] - Test Cases/Reto_2/Reto_2: Test Cases/Reto_2/Reto_2

2022-12-20 09:30:38 - [TEST_STEP][PASSED] - openBrowser(""): Browser is opened with url: ''

2022-12-20 09:30:38 - [MESSAGE][INFO] - Starting 'Firefox' driver

2022-12-20 09:30:39 - [MESSAGE][INFO] - Action delay is set to 0 milliseconds

2022-12-20 09:30:45 - [MESSAGE][PASSED] - Browser is opened with url: ''

2022-12-20 09:30:45 - [TEST_STEP][PASSED] - navigateToUrl("https://opencart.abstracta.us/"): Navigate to 'https://opencart.abstracta.us/' successfully

2022-12-20 09:31:02 - [MESSAGE][PASSED] - Navigate to 'https://opencart.abstracta.us/' successfully

2022-12-20 09:31:02 - [TEST_STEP][PASSED] - maximizeWindow(): Current window maximized

2022-12-20 09:31:03 - [MESSAGE][PASSED] - Current window maximized

2022-12-20 09:31:03 - [TEST_STEP][PASSED] - click(findTestObject("Reto_2/Page_Your Store/img_Featured_img-responsive")): Object: 'Object Repository/Reto_2/Page_Your Store/img_Featured_img-responsive' is clicked on

2022-12-20 09:31:14 - [MESSAGE][PASSED] - Object: 'Object Repository/Reto_2/Page_Your Store/img_Featured_img-responsive' is clicked on

2022-12-20 09:31:14 - [TEST_STEP][PASSED] - click(findTestObject("Reto_2/Page_MacBook/img")): Object: 'Object Repository/Reto_2/Page_MacBook/img' is clicked on

2022-12-20 09:31:14 - [MESSAGE][PASSED] - Object: 'Object Repository/Reto_2/Page_MacBook/img' is clicked on

2022-12-20 09:31:14 - [TEST_STEP][PASSED] - click(findTestObject("Reto_2/Page_MacBook/button_2")): Object: 'Object Repository/Reto_2/Page_MacBook/button_2' is clicked on

2022-12-20 09:31:15 - [MESSAGE][PASSED] - Object: 'Object Repository/Reto_2/Page_MacBook/button_2' is clicked on

2022-12-20 09:31:15 - [TEST_STEP][PASSED] - clearText(findTestObject("Reto_2/Page_MacBook/input_Qty_quantity")): Text of object 'Object Repository/Reto_2/Page_MacBook/input_Qty_quantity' is cleared

2022-12-20 09:31:16 - [MESSAGE][PASSED] - Text of object 'Object Repository/Reto_2/Page_MacBook/input_Qty_quantity' is cleared

2022-12-20 09:31:16 - [TEST_STEP][PASSED] - setText(findTestObject("Reto_2/Page_MacBook/input_Qty_quantity"), "2"): Text '2' is set on object 'Object Repository/Reto_2/Page_MacBook/input_Qty_quantity'

2022-12-20 09:31:17 - [MESSAGE][PASSED] - Text '2' is set on object 'Object Repository/Reto_2/Page_MacBook/input_Qty_quantity'

2022-12-20 09:31:17 - [TEST_STEP][PASSED] - click(findTestObject("Reto_2/Page_MacBook/button_Add to Cart")): Object: 'Object Repository/Reto_2/Page_MacBook/button_Add to Cart' is clicked on

2022-12-20 09:31:18 - [MESSAGE][PASSED] - Object: 'Object Repository/Reto_2/Page_MacBook/button_Add to Cart' is clicked on

2022-12-20 09:31:18 - [TEST_STEP][PASSED] - click(findTestObject("Reto_2/Page_MacBook/button_1 item(s) - 602.00")): Object: 'Object Repository/Reto_2/Page_MacBook/button_1 item(s) - 602.00' is clicked on

2022-12-20 09:31:19 - [MESSAGE][PASSED] - Object: 'Object Repository/Reto_2/Page_MacBook/button_1 item(s) - 602.00' is clicked on

2022-12-20 09:31:19 - [TEST_STEP][PASSED] - click(findTestObject("Reto_2/Page_MacBook/strong_View Cart")): Object: 'Object Repository/Reto_2/Page_MacBook/strong_View Cart' is clicked on

2022-12-20 09:31:20 - [MESSAGE][PASSED] - Object: 'Object Repository/Reto_2/Page_MacBook/strong_View Cart' is clicked on

2022-12-20 09:31:20 - [TEST_STEP][PASSED] - click(findTestObject("Reto_2/Page_Shopping Cart/a_Checkout")): Object: 'Object Repository/Reto_2/Page_Shopping Cart/a_Checkout' is clicked on

2022-12-20 09:31:42 - [MESSAGE][PASSED] - Object: 'Object Repository/Reto_2/Page_Shopping Cart/a_Checkout' is clicked on

2022-12-20 09:31:42 - [TEST_STEP][PASSED] - closeBrowser(): Browser is closed

2022-12-20 09:31:43 - [MESSAGE][PASSED] - Browser is closed]]></system-out>
         <system-err><![CDATA[]]></system-err>
      </testcase>
      <testcase name="Test Cases/Test_script/Test_script" time="34.755" classname="Test Cases/Test_script/Test_script" status="PASSED">
         <system-out><![CDATA[2022-12-20 09:31:43 - [TEST_CASE][PASSED] - Test Cases/Test_script/Test_script: Test Cases/Test_script/Test_script

2022-12-20 09:31:43 - [TEST_STEP][PASSED] - openBrowser(""): Browser is opened with url: ''

2022-12-20 09:31:43 - [MESSAGE][INFO] - Starting 'Firefox' driver

2022-12-20 09:31:43 - [MESSAGE][INFO] - Action delay is set to 0 milliseconds

2022-12-20 09:31:47 - [MESSAGE][PASSED] - Browser is opened with url: ''

2022-12-20 09:31:47 - [TEST_STEP][PASSED] - navigateToUrl("https://demoqa.com/text-box"): Navigate to 'https://demoqa.com/text-box' successfully

2022-12-20 09:32:11 - [MESSAGE][PASSED] - Navigate to 'https://demoqa.com/text-box' successfully

2022-12-20 09:32:11 - [TEST_STEP][PASSED] - maximizeWindow(): Current window maximized

2022-12-20 09:32:12 - [MESSAGE][PASSED] - Current window maximized

2022-12-20 09:32:12 - [TEST_STEP][PASSED] - setText(findTestObject("Object Repository/Test_script/Page_ToolsQA/input_Full Name_userName"), "Tester Profile"): Text 'Tester Profile' is set on object 'Object Repository/Test_script/Page_ToolsQA/input_Full Name_userName'

2022-12-20 09:32:13 - [MESSAGE][PASSED] - Text 'Tester Profile' is set on object 'Object Repository/Test_script/Page_ToolsQA/input_Full Name_userName'

2022-12-20 09:32:13 - [TEST_STEP][PASSED] - setText(findTestObject("Object Repository/Test_script/Page_ToolsQA/input_Email_userEmail"), "test@gmail.com"): Text 'test@gmail.com' is set on object 'Object Repository/Test_script/Page_ToolsQA/input_Email_userEmail'

2022-12-20 09:32:14 - [MESSAGE][PASSED] - Text 'test@gmail.com' is set on object 'Object Repository/Test_script/Page_ToolsQA/input_Email_userEmail'

2022-12-20 09:32:14 - [TEST_STEP][PASSED] - setText(findTestObject("Object Repository/Test_script/Page_ToolsQA/textarea_Current Address_currentAddress"), "Direccion 1"): Text 'Direccion 1' is set on object 'Object Repository/Test_script/Page_ToolsQA/textarea_Current Address_currentAddress'

2022-12-20 09:32:15 - [MESSAGE][PASSED] - Text 'Direccion 1' is set on object 'Object Repository/Test_script/Page_ToolsQA/textarea_Current Address_currentAddress'

2022-12-20 09:32:15 - [TEST_STEP][PASSED] - setText(findTestObject("Object Repository/Test_script/Page_ToolsQA/textarea_Permanent Address_permanentAddress"), "Direccion 2"): Text 'Direccion 2' is set on object 'Object Repository/Test_script/Page_ToolsQA/textarea_Permanent Address_permanentAddress'

2022-12-20 09:32:16 - [MESSAGE][PASSED] - Text 'Direccion 2' is set on object 'Object Repository/Test_script/Page_ToolsQA/textarea_Permanent Address_permanentAddress'

2022-12-20 09:32:16 - [TEST_STEP][PASSED] - scrollToElement(findTestObject("Object Repository/Test_script/Page_ToolsQA/button_Submit"), 0): Scroll to object 'Object Repository/Test_script/Page_ToolsQA/button_Submit' successfully

2022-12-20 09:32:16 - [MESSAGE][WARNING] - Timeout '0' is invalid. Using default page load timeout: '30'

2022-12-20 09:32:16 - [MESSAGE][PASSED] - Scroll to object 'Object Repository/Test_script/Page_ToolsQA/button_Submit' successfully

2022-12-20 09:32:16 - [TEST_STEP][PASSED] - click(findTestObject("Object Repository/Test_script/Page_ToolsQA/button_Submit")): Object: 'Object Repository/Test_script/Page_ToolsQA/button_Submit' is clicked on

2022-12-20 09:32:17 - [MESSAGE][PASSED] - Object: 'Object Repository/Test_script/Page_ToolsQA/button_Submit' is clicked on

2022-12-20 09:32:17 - [TEST_STEP][PASSED] - closeBrowser(): Browser is closed

2022-12-20 09:32:18 - [MESSAGE][PASSED] - Browser is closed]]></system-out>
         <system-err><![CDATA[]]></system-err>
      </testcase>
      <testcase name="Test Cases/Test_screenshot/test_screenshot" time="19.327" classname="Test Cases/Test_screenshot/test_screenshot" status="PASSED">
         <system-out><![CDATA[2022-12-20 09:32:18 - [TEST_CASE][PASSED] - Test Cases/Test_screenshot/test_screenshot: Test Cases/Test_screenshot/test_screenshot

2022-12-20 09:32:18 - [TEST_STEP][PASSED] - openBrowser(""): Browser is opened with url: ''

2022-12-20 09:32:18 - [MESSAGE][INFO] - Starting 'Firefox' driver

2022-12-20 09:32:19 - [MESSAGE][INFO] - Action delay is set to 0 milliseconds

2022-12-20 09:32:22 - [MESSAGE][PASSED] - Browser is opened with url: ''

2022-12-20 09:32:22 - [TEST_STEP][PASSED] - navigateToUrl("https://testingqarvn.com.es/datos-personales/"): Navigate to 'https://testingqarvn.com.es/datos-personales/' successfully

2022-12-20 09:32:28 - [MESSAGE][PASSED] - Navigate to 'https://testingqarvn.com.es/datos-personales/' successfully

2022-12-20 09:32:28 - [TEST_STEP][PASSED] - maximizeWindow(): Current window maximized

2022-12-20 09:32:29 - [MESSAGE][PASSED] - Current window maximized

2022-12-20 09:32:29 - [TEST_STEP][PASSED] - click(findTestObject("Object Repository/test_screenshot/Page_Datos Personales  TestingQaRvn/label_Nombre")): Object: 'Object Repository/test_screenshot/Page_Datos Personales  TestingQaRvn/label_Nombre' is clicked on

2022-12-20 09:32:30 - [MESSAGE][PASSED] - Object: 'Object Repository/test_screenshot/Page_Datos Personales  TestingQaRvn/label_Nombre' is clicked on

2022-12-20 09:32:30 - [TEST_STEP][PASSED] - scrollToElement(findTestObject("test_screenshot/Page_Datos Personales  TestingQaRvn/input_Nombre_field_21"), 0): Scroll to object 'Object Repository/test_screenshot/Page_Datos Personales  TestingQaRvn/input_Nombre_field_21' successfully

2022-12-20 09:32:30 - [MESSAGE][WARNING] - Timeout '0' is invalid. Using default page load timeout: '30'

2022-12-20 09:32:30 - [MESSAGE][PASSED] - Scroll to object 'Object Repository/test_screenshot/Page_Datos Personales  TestingQaRvn/input_Nombre_field_21' successfully

2022-12-20 09:32:30 - [TEST_STEP][PASSED] - setText(findTestObject("test_screenshot/Page_Datos Personales  TestingQaRvn/input_Nombre_field_21"), "Gabriel"): Text 'Gabriel' is set on object 'Object Repository/test_screenshot/Page_Datos Personales  TestingQaRvn/input_Nombre_field_21'

2022-12-20 09:32:30 - [MESSAGE][PASSED] - Text 'Gabriel' is set on object 'Object Repository/test_screenshot/Page_Datos Personales  TestingQaRvn/input_Nombre_field_21'

2022-12-20 09:32:30 - [TEST_STEP][PASSED] - setText(findTestObject("Object Repository/test_screenshot/Page_Datos Personales  TestingQaRvn/input_Apellidos_field_22"), "Crooke"): Text 'Crooke' is set on object 'Object Repository/test_screenshot/Page_Datos Personales  TestingQaRvn/input_Apellidos_field_22'

2022-12-20 09:32:31 - [MESSAGE][PASSED] - Text 'Crooke' is set on object 'Object Repository/test_screenshot/Page_Datos Personales  TestingQaRvn/input_Apellidos_field_22'

2022-12-20 09:32:31 - [TEST_STEP][PASSED] - setText(findTestObject("Object Repository/test_screenshot/Page_Datos Personales  TestingQaRvn/input_Email_field_23"), "gabrielcrooke@gmail.com"): Text 'gabrielcrooke@gmail.com' is set on object 'Object Repository/test_screenshot/Page_Datos Personales  TestingQaRvn/input_Email_field_23'

2022-12-20 09:32:31 - [MESSAGE][PASSED] - Text 'gabrielcrooke@gmail.com' is set on object 'Object Repository/test_screenshot/Page_Datos Personales  TestingQaRvn/input_Email_field_23'

2022-12-20 09:32:31 - [TEST_STEP][PASSED] - setText(findTestObject("Object Repository/test_screenshot/Page_Datos Personales  TestingQaRvn/input_Phone_field_24"), "8293639861"): Text '8293639861' is set on object 'Object Repository/test_screenshot/Page_Datos Personales  TestingQaRvn/input_Phone_field_24'

2022-12-20 09:32:32 - [MESSAGE][PASSED] - Text '8293639861' is set on object 'Object Repository/test_screenshot/Page_Datos Personales  TestingQaRvn/input_Phone_field_24'

2022-12-20 09:32:32 - [TEST_STEP][PASSED] - setText(findTestObject("Object Repository/test_screenshot/Page_Datos Personales  TestingQaRvn/textarea_Direccin_field_28"), "Calle principal #2"): Text 'Calle principal #2' is set on object 'Object Repository/test_screenshot/Page_Datos Personales  TestingQaRvn/textarea_Direccin_field_28'

2022-12-20 09:32:33 - [MESSAGE][PASSED] - Text 'Calle principal #2' is set on object 'Object Repository/test_screenshot/Page_Datos Personales  TestingQaRvn/textarea_Direccin_field_28'

2022-12-20 09:32:33 - [TEST_STEP][PASSED] - takeScreenshot("/Users/gabrielcrooke/Katalon Studio/Sample - Web API Tests/imagenes/testScreen1.png"): Taking screenshot successfully

2022-12-20 09:32:34 - [MESSAGE][PASSED] - Taking screenshot successfully
[[ATTACHMENT|/Users/gabrielcrooke/Katalon Studio/Sample - Web API Tests/imagenes/testScreen1.png]]

2022-12-20 09:32:34 - [TEST_STEP][PASSED] - waitForElementClickable(findTestObject("test_screenshot/Page_Datos Personales  TestingQaRvn/button_Submit"), 3): Object 'Object Repository/test_screenshot/Page_Datos Personales  TestingQaRvn/button_Submit' is clickable

2022-12-20 09:32:34 - [MESSAGE][PASSED] - Object 'Object Repository/test_screenshot/Page_Datos Personales  TestingQaRvn/button_Submit' is clickable

2022-12-20 09:32:34 - [TEST_STEP][PASSED] - click(findTestObject("Object Repository/test_screenshot/Page_Datos Personales  TestingQaRvn/button_Submit")): Object: 'Object Repository/test_screenshot/Page_Datos Personales  TestingQaRvn/button_Submit' is clicked on

2022-12-20 09:32:34 - [MESSAGE][PASSED] - Object: 'Object Repository/test_screenshot/Page_Datos Personales  TestingQaRvn/button_Submit' is clicked on

2022-12-20 09:32:34 - [TEST_STEP][PASSED] - click(findTestObject("Object Repository/test_screenshot/Page_Datos Personales  TestingQaRvn/p_Gracias por tu encuesta")): Object: 'Object Repository/test_screenshot/Page_Datos Personales  TestingQaRvn/p_Gracias por tu encuesta' is clicked on

2022-12-20 09:32:36 - [MESSAGE][PASSED] - Object: 'Object Repository/test_screenshot/Page_Datos Personales  TestingQaRvn/p_Gracias por tu encuesta' is clicked on

2022-12-20 09:32:36 - [TEST_STEP][PASSED] - takeScreenshot("/Users/gabrielcrooke/Katalon Studio/Sample - Web API Tests/imagenes/testScreen12.png"): Taking screenshot successfully

2022-12-20 09:32:36 - [MESSAGE][PASSED] - Taking screenshot successfully
[[ATTACHMENT|/Users/gabrielcrooke/Katalon Studio/Sample - Web API Tests/imagenes/testScreen12.png]]

2022-12-20 09:32:36 - [TEST_STEP][PASSED] - closeBrowser(): Browser is closed

2022-12-20 09:32:37 - [MESSAGE][PASSED] - Browser is closed]]></system-out>
         <system-err><![CDATA[]]></system-err>
      </testcase>
      <testcase name="Test Cases/variable_1/variable_1" time="27.367" classname="Test Cases/variable_1/variable_1" status="PASSED">
         <system-out><![CDATA[2022-12-20 09:32:37 - [TEST_CASE][PASSED] - Test Cases/variable_1/variable_1: Test Cases/variable_1/variable_1

2022-12-20 09:32:37 - [TEST_STEP][PASSED] - openBrowser(""): Browser is opened with url: ''

2022-12-20 09:32:37 - [MESSAGE][INFO] - Starting 'Firefox' driver

2022-12-20 09:32:37 - [MESSAGE][INFO] - Action delay is set to 0 milliseconds

2022-12-20 09:32:42 - [MESSAGE][PASSED] - Browser is opened with url: ''

2022-12-20 09:32:42 - [TEST_STEP][PASSED] - navigateToUrl("https://demoqa.com/webtables"): Navigate to 'https://demoqa.com/webtables' successfully

2022-12-20 09:32:54 - [MESSAGE][PASSED] - Navigate to 'https://demoqa.com/webtables' successfully

2022-12-20 09:32:54 - [TEST_STEP][PASSED] - maximizeWindow(): Current window maximized

2022-12-20 09:32:55 - [MESSAGE][PASSED] - Current window maximized

2022-12-20 09:32:55 - [TEST_STEP][PASSED] - click(findTestObject("Object Repository/variable_1/Page_ToolsQA/button_Add")): Object: 'Object Repository/variable_1/Page_ToolsQA/button_Add' is clicked on

2022-12-20 09:32:55 - [MESSAGE][PASSED] - Object: 'Object Repository/variable_1/Page_ToolsQA/button_Add' is clicked on

2022-12-20 09:32:55 - [TEST_STEP][PASSED] - setText(findTestObject("Object Repository/variable_1/Page_ToolsQA/input_First Name_firstName"), firstName): Text 'Gabriel' is set on object 'Object Repository/variable_1/Page_ToolsQA/input_First Name_firstName'

2022-12-20 09:32:56 - [MESSAGE][PASSED] - Text 'Gabriel' is set on object 'Object Repository/variable_1/Page_ToolsQA/input_First Name_firstName'

2022-12-20 09:32:56 - [TEST_STEP][PASSED] - setText(findTestObject("Object Repository/variable_1/Page_ToolsQA/input_Last Name_lastName"), lastName): Text 'Crooke' is set on object 'Object Repository/variable_1/Page_ToolsQA/input_Last Name_lastName'

2022-12-20 09:32:57 - [MESSAGE][PASSED] - Text 'Crooke' is set on object 'Object Repository/variable_1/Page_ToolsQA/input_Last Name_lastName'

2022-12-20 09:32:57 - [TEST_STEP][PASSED] - setText(findTestObject("Object Repository/variable_1/Page_ToolsQA/input_Email_userEmail"), textEmail): Text 'gabrielcrooke@gmail.com' is set on object 'Object Repository/variable_1/Page_ToolsQA/input_Email_userEmail'

2022-12-20 09:32:58 - [MESSAGE][PASSED] - Text 'gabrielcrooke@gmail.com' is set on object 'Object Repository/variable_1/Page_ToolsQA/input_Email_userEmail'

2022-12-20 09:32:58 - [TEST_STEP][PASSED] - setText(findTestObject("Object Repository/variable_1/Page_ToolsQA/input_Age_age"), textAge): Text '25' is set on object 'Object Repository/variable_1/Page_ToolsQA/input_Age_age'

2022-12-20 09:32:58 - [MESSAGE][PASSED] - Text '25' is set on object 'Object Repository/variable_1/Page_ToolsQA/input_Age_age'

2022-12-20 09:32:58 - [TEST_STEP][PASSED] - setText(findTestObject("Object Repository/variable_1/Page_ToolsQA/input_Salary_salary"), textSalary): Text '65000' is set on object 'Object Repository/variable_1/Page_ToolsQA/input_Salary_salary'

2022-12-20 09:32:59 - [MESSAGE][PASSED] - Text '65000' is set on object 'Object Repository/variable_1/Page_ToolsQA/input_Salary_salary'

2022-12-20 09:32:59 - [TEST_STEP][PASSED] - setText(findTestObject("Object Repository/variable_1/Page_ToolsQA/input_Department_department"), textDepartment): Text 'QA' is set on object 'Object Repository/variable_1/Page_ToolsQA/input_Department_department'

2022-12-20 09:33:00 - [MESSAGE][PASSED] - Text 'QA' is set on object 'Object Repository/variable_1/Page_ToolsQA/input_Department_department'

2022-12-20 09:33:00 - [TEST_STEP][PASSED] - click(findTestObject("Object Repository/variable_1/Page_ToolsQA/button_Submit")): Object: 'Object Repository/variable_1/Page_ToolsQA/button_Submit' is clicked on

2022-12-20 09:33:00 - [MESSAGE][PASSED] - Object: 'Object Repository/variable_1/Page_ToolsQA/button_Submit' is clicked on

2022-12-20 09:33:00 - [TEST_STEP][PASSED] - delay(time): Delayed 3 second(s)

2022-12-20 09:33:03 - [MESSAGE][PASSED] - Delayed 3 second(s)

2022-12-20 09:33:03 - [TEST_STEP][PASSED] - closeBrowser(): Browser is closed

2022-12-20 09:33:04 - [MESSAGE][PASSED] - Browser is closed]]></system-out>
         <system-err><![CDATA[]]></system-err>
      </testcase>
      <system-out><![CDATA[2022-12-20 09:30:37 - [TEST_SUITE][PASSED] - Test_suite_2: Test Cases/variable_1/variable_1]]></system-out>
      <system-err><![CDATA[]]></system-err>
   </testsuite>
</testsuites>
