<?xml version="1.0" encoding="UTF-8"?>
<testsuites name="Integration_tests" time="110.198" tests="2" failures="0" errors="0">
   <testsuite name="Integration_tests" tests="2" failures="0" errors="0" time="110.198" skipped="0" timestamp="2023-01-28 11:57:52" hostname="gabrielcrooke - 192.168.0.9" id="Test Suites/Integration_tests">
      <properties>
         <property name="deviceName" value=""/>
         <property name="devicePlatform" value=""/>
         <property name="logFolder" value="/Users/gabrielcrooke/KatalonProject/Reports/20230128_115734/Integration_tests/20230128_115734"/>
         <property name="logFiles" value="/Users/gabrielcrooke/KatalonProject/Reports/20230128_115734/Integration_tests/20230128_115734/execution0.log"/>
         <property name="attachments" value=""/>
         <property name="hostName" value="gabrielcrooke - 192.168.0.9"/>
         <property name="os" value="Mac OS X 64bit"/>
         <property name="katalonVersion" value="8.5.3.208"/>
         <property name="browser" value="Chrome 109.0.0.0"/>
         <property name="hostAddress" value="192.168.0.9"/>
         <property name="sessionId" value="99c8d73fffc930266c01ed689906fab3"/>
         <property name="seleniumVersion" value="3.141.59"/>
         <property name="proxyInformation" value="ProxyInformation { proxyOption=NO_PROXY, proxyServerType=HTTP, username=, password=********, proxyServerAddress=, proxyServerPort=0, executionList=&quot;&quot;, isApplyToDesiredCapabilities=true }"/>
         <property name="platform" value="Mac OS X"/>
      </properties>
      <testcase name="Test Cases/bucles/Reto_for" time="47.833" classname="Test Cases/bucles/Reto_for" status="PASSED">
         <system-out><![CDATA[2023-01-28 11:57:53 - [TEST_CASE][PASSED] - Test Cases/bucles/Reto_for: Test Cases/bucles/Reto_for

2023-01-28 11:57:53 - [TEST_STEP][PASSED] - openBrowser(""): Browser is opened with url: ''

2023-01-28 11:57:53 - [MESSAGE][INFO] - Starting 'Chrome' driver

2023-01-28 11:57:53 - [MESSAGE][INFO] - Action delay is set to 0 milliseconds

2023-01-28 11:57:59 - [MESSAGE][PASSED] - Browser is opened with url: ''

2023-01-28 11:57:59 - [TEST_STEP][PASSED] - navigateToUrl("https://demoqa.com/text-box"): Navigate to 'https://demoqa.com/text-box' successfully

2023-01-28 11:58:06 - [MESSAGE][PASSED] - Navigate to 'https://demoqa.com/text-box' successfully

2023-01-28 11:58:06 - [TEST_STEP][PASSED] - waitForPageLoad(10): Wait for page load successfully

2023-01-28 11:58:07 - [MESSAGE][PASSED] - Wait for page load successfully

2023-01-28 11:58:07 - [TEST_STEP][PASSED] - maximizeWindow(): Current window maximized

2023-01-28 11:58:09 - [MESSAGE][PASSED] - Current window maximized

2023-01-28 11:58:09 - [TEST_STEP][PASSED] - scrollToPosition(0, 250): Browser is scrolled to position x = 0, y = 250

2023-01-28 11:58:09 - [MESSAGE][PASSED] - Browser is scrolled to position x = 0, y = 250

2023-01-28 11:58:09 - [TEST_STEP][PASSED] - for ([x = 1, x <= 5, (x++)]): Delayed 2 second(s)

2023-01-28 11:58:09 - [TEST_STEP][PASSED] - z = ["Carlos", "Erika", "Paco", "Rodrigo", "Josefina"]: null

2023-01-28 11:58:09 - [TEST_STEP][PASSED] - rn = new java.util.Random(): null

2023-01-28 11:58:09 - [TEST_STEP][PASSED] - tx_nombre = z[rn.nextInt(size)]: null

2023-01-28 11:58:09 - [TEST_STEP][PASSED] - setText(findTestObject("Object Repository/Reto_for/Page_ToolsQA/input_Full Name_userName"), tx_nombre): Text 'Rodrigo' is set on object 'Object Repository/Reto_for/Page_ToolsQA/input_Full Name_userName'

2023-01-28 11:58:11 - [MESSAGE][PASSED] - Text 'Rodrigo' is set on object 'Object Repository/Reto_for/Page_ToolsQA/input_Full Name_userName'

2023-01-28 11:58:11 - [TEST_STEP][PASSED] - setText(findTestObject("Object Repository/Reto_for/Page_ToolsQA/input_Email_userEmail"), tx_nombre + "@gmail.com"): Text 'Rodrigo@gmail.com' is set on object 'Object Repository/Reto_for/Page_ToolsQA/input_Email_userEmail'

2023-01-28 11:58:12 - [MESSAGE][PASSED] - Text 'Rodrigo@gmail.com' is set on object 'Object Repository/Reto_for/Page_ToolsQA/input_Email_userEmail'

2023-01-28 11:58:12 - [TEST_STEP][PASSED] - setText(findTestObject("Object Repository/Reto_for/Page_ToolsQA/textarea_Current Address_currentAddress"), "Direccion" + x): Text 'Direccion1' is set on object 'Object Repository/Reto_for/Page_ToolsQA/textarea_Current Address_currentAddress'

2023-01-28 11:58:13 - [MESSAGE][PASSED] - Text 'Direccion1' is set on object 'Object Repository/Reto_for/Page_ToolsQA/textarea_Current Address_currentAddress'

2023-01-28 11:58:13 - [TEST_STEP][PASSED] - setText(findTestObject("Object Repository/Reto_for/Page_ToolsQA/textarea_Permanent Address_permanentAddress"), "Direccion" + x): Text 'Direccion1' is set on object 'Object Repository/Reto_for/Page_ToolsQA/textarea_Permanent Address_permanentAddress'

2023-01-28 11:58:13 - [MESSAGE][PASSED] - Text 'Direccion1' is set on object 'Object Repository/Reto_for/Page_ToolsQA/textarea_Permanent Address_permanentAddress'

2023-01-28 11:58:13 - [TEST_STEP][PASSED] - click(findTestObject("Object Repository/Reto_for/Page_ToolsQA/button_Submit")): Object: 'Object Repository/Reto_for/Page_ToolsQA/button_Submit' is clicked on

2023-01-28 11:58:14 - [MESSAGE][PASSED] - Object: 'Object Repository/Reto_for/Page_ToolsQA/button_Submit' is clicked on

2023-01-28 11:58:14 - [TEST_STEP][PASSED] - delay(2): Delayed 2 second(s)

2023-01-28 11:58:16 - [MESSAGE][PASSED] - Delayed 2 second(s)

2023-01-28 11:58:16 - [TEST_STEP][PASSED] - z = ["Carlos", "Erika", "Paco", "Rodrigo", "Josefina"]: null

2023-01-28 11:58:16 - [TEST_STEP][PASSED] - rn = new java.util.Random(): null

2023-01-28 11:58:16 - [TEST_STEP][PASSED] - tx_nombre = z[rn.nextInt(size)]: null

2023-01-28 11:58:16 - [TEST_STEP][PASSED] - setText(findTestObject("Object Repository/Reto_for/Page_ToolsQA/input_Full Name_userName"), tx_nombre): Text 'Carlos' is set on object 'Object Repository/Reto_for/Page_ToolsQA/input_Full Name_userName'

2023-01-28 11:58:17 - [MESSAGE][PASSED] - Text 'Carlos' is set on object 'Object Repository/Reto_for/Page_ToolsQA/input_Full Name_userName'

2023-01-28 11:58:17 - [TEST_STEP][PASSED] - setText(findTestObject("Object Repository/Reto_for/Page_ToolsQA/input_Email_userEmail"), tx_nombre + "@gmail.com"): Text 'Carlos@gmail.com' is set on object 'Object Repository/Reto_for/Page_ToolsQA/input_Email_userEmail'

2023-01-28 11:58:18 - [MESSAGE][PASSED] - Text 'Carlos@gmail.com' is set on object 'Object Repository/Reto_for/Page_ToolsQA/input_Email_userEmail'

2023-01-28 11:58:18 - [TEST_STEP][PASSED] - setText(findTestObject("Object Repository/Reto_for/Page_ToolsQA/textarea_Current Address_currentAddress"), "Direccion" + x): Text 'Direccion2' is set on object 'Object Repository/Reto_for/Page_ToolsQA/textarea_Current Address_currentAddress'

2023-01-28 11:58:19 - [MESSAGE][PASSED] - Text 'Direccion2' is set on object 'Object Repository/Reto_for/Page_ToolsQA/textarea_Current Address_currentAddress'

2023-01-28 11:58:19 - [TEST_STEP][PASSED] - setText(findTestObject("Object Repository/Reto_for/Page_ToolsQA/textarea_Permanent Address_permanentAddress"), "Direccion" + x): Text 'Direccion2' is set on object 'Object Repository/Reto_for/Page_ToolsQA/textarea_Permanent Address_permanentAddress'

2023-01-28 11:58:20 - [MESSAGE][PASSED] - Text 'Direccion2' is set on object 'Object Repository/Reto_for/Page_ToolsQA/textarea_Permanent Address_permanentAddress'

2023-01-28 11:58:20 - [TEST_STEP][PASSED] - click(findTestObject("Object Repository/Reto_for/Page_ToolsQA/button_Submit")): Object: 'Object Repository/Reto_for/Page_ToolsQA/button_Submit' is clicked on

2023-01-28 11:58:20 - [MESSAGE][PASSED] - Object: 'Object Repository/Reto_for/Page_ToolsQA/button_Submit' is clicked on

2023-01-28 11:58:20 - [TEST_STEP][PASSED] - delay(2): Delayed 2 second(s)

2023-01-28 11:58:22 - [MESSAGE][PASSED] - Delayed 2 second(s)

2023-01-28 11:58:22 - [TEST_STEP][PASSED] - z = ["Carlos", "Erika", "Paco", "Rodrigo", "Josefina"]: null

2023-01-28 11:58:22 - [TEST_STEP][PASSED] - rn = new java.util.Random(): null

2023-01-28 11:58:22 - [TEST_STEP][PASSED] - tx_nombre = z[rn.nextInt(size)]: null

2023-01-28 11:58:22 - [TEST_STEP][PASSED] - setText(findTestObject("Object Repository/Reto_for/Page_ToolsQA/input_Full Name_userName"), tx_nombre): Text 'Carlos' is set on object 'Object Repository/Reto_for/Page_ToolsQA/input_Full Name_userName'

2023-01-28 11:58:23 - [MESSAGE][PASSED] - Text 'Carlos' is set on object 'Object Repository/Reto_for/Page_ToolsQA/input_Full Name_userName'

2023-01-28 11:58:23 - [TEST_STEP][PASSED] - setText(findTestObject("Object Repository/Reto_for/Page_ToolsQA/input_Email_userEmail"), tx_nombre + "@gmail.com"): Text 'Carlos@gmail.com' is set on object 'Object Repository/Reto_for/Page_ToolsQA/input_Email_userEmail'

2023-01-28 11:58:24 - [MESSAGE][PASSED] - Text 'Carlos@gmail.com' is set on object 'Object Repository/Reto_for/Page_ToolsQA/input_Email_userEmail'

2023-01-28 11:58:24 - [TEST_STEP][PASSED] - setText(findTestObject("Object Repository/Reto_for/Page_ToolsQA/textarea_Current Address_currentAddress"), "Direccion" + x): Text 'Direccion3' is set on object 'Object Repository/Reto_for/Page_ToolsQA/textarea_Current Address_currentAddress'

2023-01-28 11:58:25 - [MESSAGE][PASSED] - Text 'Direccion3' is set on object 'Object Repository/Reto_for/Page_ToolsQA/textarea_Current Address_currentAddress'

2023-01-28 11:58:25 - [TEST_STEP][PASSED] - setText(findTestObject("Object Repository/Reto_for/Page_ToolsQA/textarea_Permanent Address_permanentAddress"), "Direccion" + x): Text 'Direccion3' is set on object 'Object Repository/Reto_for/Page_ToolsQA/textarea_Permanent Address_permanentAddress'

2023-01-28 11:58:26 - [MESSAGE][PASSED] - Text 'Direccion3' is set on object 'Object Repository/Reto_for/Page_ToolsQA/textarea_Permanent Address_permanentAddress'

2023-01-28 11:58:26 - [TEST_STEP][PASSED] - click(findTestObject("Object Repository/Reto_for/Page_ToolsQA/button_Submit")): Object: 'Object Repository/Reto_for/Page_ToolsQA/button_Submit' is clicked on

2023-01-28 11:58:26 - [MESSAGE][PASSED] - Object: 'Object Repository/Reto_for/Page_ToolsQA/button_Submit' is clicked on

2023-01-28 11:58:26 - [TEST_STEP][PASSED] - delay(2): Delayed 2 second(s)

2023-01-28 11:58:28 - [MESSAGE][PASSED] - Delayed 2 second(s)

2023-01-28 11:58:28 - [TEST_STEP][PASSED] - z = ["Carlos", "Erika", "Paco", "Rodrigo", "Josefina"]: null

2023-01-28 11:58:28 - [TEST_STEP][PASSED] - rn = new java.util.Random(): null

2023-01-28 11:58:28 - [TEST_STEP][PASSED] - tx_nombre = z[rn.nextInt(size)]: null

2023-01-28 11:58:28 - [TEST_STEP][PASSED] - setText(findTestObject("Object Repository/Reto_for/Page_ToolsQA/input_Full Name_userName"), tx_nombre): Text 'Paco' is set on object 'Object Repository/Reto_for/Page_ToolsQA/input_Full Name_userName'

2023-01-28 11:58:29 - [MESSAGE][PASSED] - Text 'Paco' is set on object 'Object Repository/Reto_for/Page_ToolsQA/input_Full Name_userName'

2023-01-28 11:58:29 - [TEST_STEP][PASSED] - setText(findTestObject("Object Repository/Reto_for/Page_ToolsQA/input_Email_userEmail"), tx_nombre + "@gmail.com"): Text 'Paco@gmail.com' is set on object 'Object Repository/Reto_for/Page_ToolsQA/input_Email_userEmail'

2023-01-28 11:58:30 - [MESSAGE][PASSED] - Text 'Paco@gmail.com' is set on object 'Object Repository/Reto_for/Page_ToolsQA/input_Email_userEmail'

2023-01-28 11:58:30 - [TEST_STEP][PASSED] - setText(findTestObject("Object Repository/Reto_for/Page_ToolsQA/textarea_Current Address_currentAddress"), "Direccion" + x): Text 'Direccion4' is set on object 'Object Repository/Reto_for/Page_ToolsQA/textarea_Current Address_currentAddress'

2023-01-28 11:58:31 - [MESSAGE][PASSED] - Text 'Direccion4' is set on object 'Object Repository/Reto_for/Page_ToolsQA/textarea_Current Address_currentAddress'

2023-01-28 11:58:31 - [TEST_STEP][PASSED] - setText(findTestObject("Object Repository/Reto_for/Page_ToolsQA/textarea_Permanent Address_permanentAddress"), "Direccion" + x): Text 'Direccion4' is set on object 'Object Repository/Reto_for/Page_ToolsQA/textarea_Permanent Address_permanentAddress'

2023-01-28 11:58:32 - [MESSAGE][PASSED] - Text 'Direccion4' is set on object 'Object Repository/Reto_for/Page_ToolsQA/textarea_Permanent Address_permanentAddress'

2023-01-28 11:58:32 - [TEST_STEP][PASSED] - click(findTestObject("Object Repository/Reto_for/Page_ToolsQA/button_Submit")): Object: 'Object Repository/Reto_for/Page_ToolsQA/button_Submit' is clicked on

2023-01-28 11:58:32 - [MESSAGE][PASSED] - Object: 'Object Repository/Reto_for/Page_ToolsQA/button_Submit' is clicked on

2023-01-28 11:58:32 - [TEST_STEP][PASSED] - delay(2): Delayed 2 second(s)

2023-01-28 11:58:34 - [MESSAGE][PASSED] - Delayed 2 second(s)

2023-01-28 11:58:34 - [TEST_STEP][PASSED] - z = ["Carlos", "Erika", "Paco", "Rodrigo", "Josefina"]: null

2023-01-28 11:58:34 - [TEST_STEP][PASSED] - rn = new java.util.Random(): null

2023-01-28 11:58:34 - [TEST_STEP][PASSED] - tx_nombre = z[rn.nextInt(size)]: null

2023-01-28 11:58:34 - [TEST_STEP][PASSED] - setText(findTestObject("Object Repository/Reto_for/Page_ToolsQA/input_Full Name_userName"), tx_nombre): Text 'Carlos' is set on object 'Object Repository/Reto_for/Page_ToolsQA/input_Full Name_userName'

2023-01-28 11:58:35 - [MESSAGE][PASSED] - Text 'Carlos' is set on object 'Object Repository/Reto_for/Page_ToolsQA/input_Full Name_userName'

2023-01-28 11:58:35 - [TEST_STEP][PASSED] - setText(findTestObject("Object Repository/Reto_for/Page_ToolsQA/input_Email_userEmail"), tx_nombre + "@gmail.com"): Text 'Carlos@gmail.com' is set on object 'Object Repository/Reto_for/Page_ToolsQA/input_Email_userEmail'

2023-01-28 11:58:36 - [MESSAGE][PASSED] - Text 'Carlos@gmail.com' is set on object 'Object Repository/Reto_for/Page_ToolsQA/input_Email_userEmail'

2023-01-28 11:58:36 - [TEST_STEP][PASSED] - setText(findTestObject("Object Repository/Reto_for/Page_ToolsQA/textarea_Current Address_currentAddress"), "Direccion" + x): Text 'Direccion5' is set on object 'Object Repository/Reto_for/Page_ToolsQA/textarea_Current Address_currentAddress'

2023-01-28 11:58:37 - [MESSAGE][PASSED] - Text 'Direccion5' is set on object 'Object Repository/Reto_for/Page_ToolsQA/textarea_Current Address_currentAddress'

2023-01-28 11:58:37 - [TEST_STEP][PASSED] - setText(findTestObject("Object Repository/Reto_for/Page_ToolsQA/textarea_Permanent Address_permanentAddress"), "Direccion" + x): Text 'Direccion5' is set on object 'Object Repository/Reto_for/Page_ToolsQA/textarea_Permanent Address_permanentAddress'

2023-01-28 11:58:38 - [MESSAGE][PASSED] - Text 'Direccion5' is set on object 'Object Repository/Reto_for/Page_ToolsQA/textarea_Permanent Address_permanentAddress'

2023-01-28 11:58:38 - [TEST_STEP][PASSED] - click(findTestObject("Object Repository/Reto_for/Page_ToolsQA/button_Submit")): Object: 'Object Repository/Reto_for/Page_ToolsQA/button_Submit' is clicked on

2023-01-28 11:58:38 - [MESSAGE][PASSED] - Object: 'Object Repository/Reto_for/Page_ToolsQA/button_Submit' is clicked on

2023-01-28 11:58:38 - [TEST_STEP][PASSED] - delay(2): Delayed 2 second(s)

2023-01-28 11:58:40 - [MESSAGE][PASSED] - Delayed 2 second(s)

2023-01-28 11:58:40 - [TEST_STEP][PASSED] - closeBrowser(): Browser is closed

2023-01-28 11:58:40 - [MESSAGE][PASSED] - Browser is closed]]></system-out>
         <system-err><![CDATA[]]></system-err>
      </testcase>
      <testcase name="Test Cases/bucles/Reto_while_solution" time="61.862" classname="Test Cases/bucles/Reto_while_solution" status="PASSED">
         <system-out><![CDATA[2023-01-28 11:58:40 - [TEST_CASE][PASSED] - Test Cases/bucles/Reto_while_solution: Test Cases/bucles/Reto_while_solution

2023-01-28 11:58:41 - [TEST_STEP][PASSED] - openBrowser(""): Browser is opened with url: ''

2023-01-28 11:58:41 - [MESSAGE][INFO] - Starting 'Chrome' driver

2023-01-28 11:58:41 - [MESSAGE][INFO] - Action delay is set to 0 milliseconds

2023-01-28 11:58:43 - [MESSAGE][PASSED] - Browser is opened with url: ''

2023-01-28 11:58:43 - [TEST_STEP][PASSED] - maximizeWindow(): Current window maximized

2023-01-28 11:58:43 - [MESSAGE][PASSED] - Current window maximized

2023-01-28 11:58:43 - [TEST_STEP][PASSED] - navigateToUrl("https://www.google.com.do/?gws_rd=ssl"): Navigate to 'https://www.google.com.do/?gws_rd=ssl' successfully

2023-01-28 11:58:45 - [MESSAGE][PASSED] - Navigate to 'https://www.google.com.do/?gws_rd=ssl' successfully

2023-01-28 11:58:45 - [TEST_STEP][PASSED] - waitForPageLoad(0): Wait for page load successfully

2023-01-28 11:58:45 - [MESSAGE][WARNING] - Timeout '0' is invalid. Using default page load timeout: '30'

2023-01-28 11:58:45 - [MESSAGE][PASSED] - Wait for page load successfully

2023-01-28 11:58:45 - [TEST_STEP][PASSED] - res = 0: null

2023-01-28 11:58:45 - [TEST_STEP][PASSED] - while (res != 8): null

2023-01-28 11:58:45 - [TEST_STEP][PASSED] - num = Math.random() * 5: null

2023-01-28 11:58:45 - [TEST_STEP][PASSED] - setText(findTestObject("Object Repository/reto_while/Page_Google/input__q"), "5+" + num): Text '5+2' is set on object 'Object Repository/reto_while/Page_Google/input__q'

2023-01-28 11:58:47 - [MESSAGE][PASSED] - Text '5+2' is set on object 'Object Repository/reto_while/Page_Google/input__q'

2023-01-28 11:58:47 - [TEST_STEP][PASSED] - sendKeys(findTestObject("Object Repository/reto_while/Page_Google/input__q"), Keys.chord(ENTER)): Keys 'ENTER + ' sent to object: 'Object Repository/reto_while/Page_Google/input__q'

2023-01-28 11:58:54 - [MESSAGE][PASSED] - Keys 'ENTER + ' sent to object: 'Object Repository/reto_while/Page_Google/input__q'

2023-01-28 11:58:54 - [TEST_STEP][PASSED] - res = getText(findTestObject("reto_while/Page_Google/Resultado")).toInteger(): Text of object 'Object Repository/reto_while/Page_Google/Resultado' is: '7'

2023-01-28 11:58:54 - [MESSAGE][PASSED] - Text of object 'Object Repository/reto_while/Page_Google/Resultado' is: '7'

2023-01-28 11:58:54 - [TEST_STEP][PASSED] - print(res): null

2023-01-28 11:58:54 - [TEST_STEP][PASSED] - num = Math.random() * 5: null

2023-01-28 11:58:54 - [TEST_STEP][PASSED] - setText(findTestObject("Object Repository/reto_while/Page_Google/input__q"), "5+" + num): Text '5+0' is set on object 'Object Repository/reto_while/Page_Google/input__q'

2023-01-28 11:58:55 - [MESSAGE][PASSED] - Text '5+0' is set on object 'Object Repository/reto_while/Page_Google/input__q'

2023-01-28 11:58:55 - [TEST_STEP][PASSED] - sendKeys(findTestObject("Object Repository/reto_while/Page_Google/input__q"), Keys.chord(ENTER)): Keys 'ENTER + ' sent to object: 'Object Repository/reto_while/Page_Google/input__q'

2023-01-28 11:58:58 - [MESSAGE][PASSED] - Keys 'ENTER + ' sent to object: 'Object Repository/reto_while/Page_Google/input__q'

2023-01-28 11:58:58 - [TEST_STEP][PASSED] - res = getText(findTestObject("reto_while/Page_Google/Resultado")).toInteger(): Text of object 'Object Repository/reto_while/Page_Google/Resultado' is: '5'

2023-01-28 11:58:59 - [MESSAGE][PASSED] - Text of object 'Object Repository/reto_while/Page_Google/Resultado' is: '5'

2023-01-28 11:58:59 - [TEST_STEP][PASSED] - print(res): null

2023-01-28 11:58:59 - [TEST_STEP][PASSED] - num = Math.random() * 5: null

2023-01-28 11:58:59 - [TEST_STEP][PASSED] - setText(findTestObject("Object Repository/reto_while/Page_Google/input__q"), "5+" + num): Text '5+4' is set on object 'Object Repository/reto_while/Page_Google/input__q'

2023-01-28 11:58:59 - [MESSAGE][PASSED] - Text '5+4' is set on object 'Object Repository/reto_while/Page_Google/input__q'

2023-01-28 11:58:59 - [TEST_STEP][PASSED] - sendKeys(findTestObject("Object Repository/reto_while/Page_Google/input__q"), Keys.chord(ENTER)): Keys 'ENTER + ' sent to object: 'Object Repository/reto_while/Page_Google/input__q'

2023-01-28 11:59:02 - [MESSAGE][PASSED] - Keys 'ENTER + ' sent to object: 'Object Repository/reto_while/Page_Google/input__q'

2023-01-28 11:59:02 - [TEST_STEP][PASSED] - res = getText(findTestObject("reto_while/Page_Google/Resultado")).toInteger(): Text of object 'Object Repository/reto_while/Page_Google/Resultado' is: '9'

2023-01-28 11:59:03 - [MESSAGE][PASSED] - Text of object 'Object Repository/reto_while/Page_Google/Resultado' is: '9'

2023-01-28 11:59:03 - [TEST_STEP][PASSED] - print(res): null

2023-01-28 11:59:03 - [TEST_STEP][PASSED] - num = Math.random() * 5: null

2023-01-28 11:59:03 - [TEST_STEP][PASSED] - setText(findTestObject("Object Repository/reto_while/Page_Google/input__q"), "5+" + num): Text '5+4' is set on object 'Object Repository/reto_while/Page_Google/input__q'

2023-01-28 11:59:03 - [MESSAGE][PASSED] - Text '5+4' is set on object 'Object Repository/reto_while/Page_Google/input__q'

2023-01-28 11:59:03 - [TEST_STEP][PASSED] - sendKeys(findTestObject("Object Repository/reto_while/Page_Google/input__q"), Keys.chord(ENTER)): Keys 'ENTER + ' sent to object: 'Object Repository/reto_while/Page_Google/input__q'

2023-01-28 11:59:09 - [MESSAGE][PASSED] - Keys 'ENTER + ' sent to object: 'Object Repository/reto_while/Page_Google/input__q'

2023-01-28 11:59:09 - [TEST_STEP][PASSED] - res = getText(findTestObject("reto_while/Page_Google/Resultado")).toInteger(): Text of object 'Object Repository/reto_while/Page_Google/Resultado' is: '9'

2023-01-28 11:59:10 - [MESSAGE][PASSED] - Text of object 'Object Repository/reto_while/Page_Google/Resultado' is: '9'

2023-01-28 11:59:10 - [TEST_STEP][PASSED] - print(res): null

2023-01-28 11:59:10 - [TEST_STEP][PASSED] - num = Math.random() * 5: null

2023-01-28 11:59:10 - [TEST_STEP][PASSED] - setText(findTestObject("Object Repository/reto_while/Page_Google/input__q"), "5+" + num): Text '5+4' is set on object 'Object Repository/reto_while/Page_Google/input__q'

2023-01-28 11:59:11 - [MESSAGE][PASSED] - Text '5+4' is set on object 'Object Repository/reto_while/Page_Google/input__q'

2023-01-28 11:59:11 - [TEST_STEP][PASSED] - sendKeys(findTestObject("Object Repository/reto_while/Page_Google/input__q"), Keys.chord(ENTER)): Keys 'ENTER + ' sent to object: 'Object Repository/reto_while/Page_Google/input__q'

2023-01-28 11:59:12 - [MESSAGE][PASSED] - Keys 'ENTER + ' sent to object: 'Object Repository/reto_while/Page_Google/input__q'

2023-01-28 11:59:12 - [TEST_STEP][PASSED] - res = getText(findTestObject("reto_while/Page_Google/Resultado")).toInteger(): Text of object 'Object Repository/reto_while/Page_Google/Resultado' is: '9'

2023-01-28 11:59:13 - [MESSAGE][PASSED] - Text of object 'Object Repository/reto_while/Page_Google/Resultado' is: '9'

2023-01-28 11:59:13 - [TEST_STEP][PASSED] - print(res): null

2023-01-28 11:59:13 - [TEST_STEP][PASSED] - num = Math.random() * 5: null

2023-01-28 11:59:13 - [TEST_STEP][PASSED] - setText(findTestObject("Object Repository/reto_while/Page_Google/input__q"), "5+" + num): Text '5+2' is set on object 'Object Repository/reto_while/Page_Google/input__q'

2023-01-28 11:59:14 - [MESSAGE][PASSED] - Text '5+2' is set on object 'Object Repository/reto_while/Page_Google/input__q'

2023-01-28 11:59:14 - [TEST_STEP][PASSED] - sendKeys(findTestObject("Object Repository/reto_while/Page_Google/input__q"), Keys.chord(ENTER)): Keys 'ENTER + ' sent to object: 'Object Repository/reto_while/Page_Google/input__q'

2023-01-28 11:59:15 - [MESSAGE][PASSED] - Keys 'ENTER + ' sent to object: 'Object Repository/reto_while/Page_Google/input__q'

2023-01-28 11:59:15 - [TEST_STEP][PASSED] - res = getText(findTestObject("reto_while/Page_Google/Resultado")).toInteger(): Text of object 'Object Repository/reto_while/Page_Google/Resultado' is: '7'

2023-01-28 11:59:17 - [MESSAGE][PASSED] - Text of object 'Object Repository/reto_while/Page_Google/Resultado' is: '7'

2023-01-28 11:59:17 - [TEST_STEP][PASSED] - print(res): null

2023-01-28 11:59:17 - [TEST_STEP][PASSED] - num = Math.random() * 5: null

2023-01-28 11:59:17 - [TEST_STEP][PASSED] - setText(findTestObject("Object Repository/reto_while/Page_Google/input__q"), "5+" + num): Text '5+0' is set on object 'Object Repository/reto_while/Page_Google/input__q'

2023-01-28 11:59:17 - [MESSAGE][PASSED] - Text '5+0' is set on object 'Object Repository/reto_while/Page_Google/input__q'

2023-01-28 11:59:17 - [TEST_STEP][PASSED] - sendKeys(findTestObject("Object Repository/reto_while/Page_Google/input__q"), Keys.chord(ENTER)): Keys 'ENTER + ' sent to object: 'Object Repository/reto_while/Page_Google/input__q'

2023-01-28 11:59:21 - [MESSAGE][PASSED] - Keys 'ENTER + ' sent to object: 'Object Repository/reto_while/Page_Google/input__q'

2023-01-28 11:59:21 - [TEST_STEP][PASSED] - res = getText(findTestObject("reto_while/Page_Google/Resultado")).toInteger(): Text of object 'Object Repository/reto_while/Page_Google/Resultado' is: '5'

2023-01-28 11:59:22 - [MESSAGE][PASSED] - Text of object 'Object Repository/reto_while/Page_Google/Resultado' is: '5'

2023-01-28 11:59:22 - [TEST_STEP][PASSED] - print(res): null

2023-01-28 11:59:22 - [TEST_STEP][PASSED] - num = Math.random() * 5: null

2023-01-28 11:59:22 - [TEST_STEP][PASSED] - setText(findTestObject("Object Repository/reto_while/Page_Google/input__q"), "5+" + num): Text '5+0' is set on object 'Object Repository/reto_while/Page_Google/input__q'

2023-01-28 11:59:23 - [MESSAGE][PASSED] - Text '5+0' is set on object 'Object Repository/reto_while/Page_Google/input__q'

2023-01-28 11:59:23 - [TEST_STEP][PASSED] - sendKeys(findTestObject("Object Repository/reto_while/Page_Google/input__q"), Keys.chord(ENTER)): Keys 'ENTER + ' sent to object: 'Object Repository/reto_while/Page_Google/input__q'

2023-01-28 11:59:25 - [MESSAGE][PASSED] - Keys 'ENTER + ' sent to object: 'Object Repository/reto_while/Page_Google/input__q'

2023-01-28 11:59:25 - [TEST_STEP][PASSED] - res = getText(findTestObject("reto_while/Page_Google/Resultado")).toInteger(): Text of object 'Object Repository/reto_while/Page_Google/Resultado' is: '5'

2023-01-28 11:59:25 - [MESSAGE][PASSED] - Text of object 'Object Repository/reto_while/Page_Google/Resultado' is: '5'

2023-01-28 11:59:25 - [TEST_STEP][PASSED] - print(res): null

2023-01-28 11:59:25 - [TEST_STEP][PASSED] - num = Math.random() * 5: null

2023-01-28 11:59:25 - [TEST_STEP][PASSED] - setText(findTestObject("Object Repository/reto_while/Page_Google/input__q"), "5+" + num): Text '5+0' is set on object 'Object Repository/reto_while/Page_Google/input__q'

2023-01-28 11:59:26 - [MESSAGE][PASSED] - Text '5+0' is set on object 'Object Repository/reto_while/Page_Google/input__q'

2023-01-28 11:59:26 - [TEST_STEP][PASSED] - sendKeys(findTestObject("Object Repository/reto_while/Page_Google/input__q"), Keys.chord(ENTER)): Keys 'ENTER + ' sent to object: 'Object Repository/reto_while/Page_Google/input__q'

2023-01-28 11:59:28 - [MESSAGE][PASSED] - Keys 'ENTER + ' sent to object: 'Object Repository/reto_while/Page_Google/input__q'

2023-01-28 11:59:28 - [TEST_STEP][PASSED] - res = getText(findTestObject("reto_while/Page_Google/Resultado")).toInteger(): Text of object 'Object Repository/reto_while/Page_Google/Resultado' is: '5'

2023-01-28 11:59:29 - [MESSAGE][PASSED] - Text of object 'Object Repository/reto_while/Page_Google/Resultado' is: '5'

2023-01-28 11:59:29 - [TEST_STEP][PASSED] - print(res): null

2023-01-28 11:59:29 - [TEST_STEP][PASSED] - num = Math.random() * 5: null

2023-01-28 11:59:29 - [TEST_STEP][PASSED] - setText(findTestObject("Object Repository/reto_while/Page_Google/input__q"), "5+" + num): Text '5+4' is set on object 'Object Repository/reto_while/Page_Google/input__q'

2023-01-28 11:59:30 - [MESSAGE][PASSED] - Text '5+4' is set on object 'Object Repository/reto_while/Page_Google/input__q'

2023-01-28 11:59:30 - [TEST_STEP][PASSED] - sendKeys(findTestObject("Object Repository/reto_while/Page_Google/input__q"), Keys.chord(ENTER)): Keys 'ENTER + ' sent to object: 'Object Repository/reto_while/Page_Google/input__q'

2023-01-28 11:59:32 - [MESSAGE][PASSED] - Keys 'ENTER + ' sent to object: 'Object Repository/reto_while/Page_Google/input__q'

2023-01-28 11:59:32 - [TEST_STEP][PASSED] - res = getText(findTestObject("reto_while/Page_Google/Resultado")).toInteger(): Text of object 'Object Repository/reto_while/Page_Google/Resultado' is: '9'

2023-01-28 11:59:32 - [MESSAGE][PASSED] - Text of object 'Object Repository/reto_while/Page_Google/Resultado' is: '9'

2023-01-28 11:59:32 - [TEST_STEP][PASSED] - print(res): null

2023-01-28 11:59:32 - [TEST_STEP][PASSED] - num = Math.random() * 5: null

2023-01-28 11:59:32 - [TEST_STEP][PASSED] - setText(findTestObject("Object Repository/reto_while/Page_Google/input__q"), "5+" + num): Text '5+1' is set on object 'Object Repository/reto_while/Page_Google/input__q'

2023-01-28 11:59:33 - [MESSAGE][PASSED] - Text '5+1' is set on object 'Object Repository/reto_while/Page_Google/input__q'

2023-01-28 11:59:33 - [TEST_STEP][PASSED] - sendKeys(findTestObject("Object Repository/reto_while/Page_Google/input__q"), Keys.chord(ENTER)): Keys 'ENTER + ' sent to object: 'Object Repository/reto_while/Page_Google/input__q'

2023-01-28 11:59:38 - [MESSAGE][PASSED] - Keys 'ENTER + ' sent to object: 'Object Repository/reto_while/Page_Google/input__q'

2023-01-28 11:59:38 - [TEST_STEP][PASSED] - res = getText(findTestObject("reto_while/Page_Google/Resultado")).toInteger(): Text of object 'Object Repository/reto_while/Page_Google/Resultado' is: '6'

2023-01-28 11:59:38 - [MESSAGE][PASSED] - Text of object 'Object Repository/reto_while/Page_Google/Resultado' is: '6'

2023-01-28 11:59:38 - [TEST_STEP][PASSED] - print(res): null

2023-01-28 11:59:38 - [TEST_STEP][PASSED] - num = Math.random() * 5: null

2023-01-28 11:59:38 - [TEST_STEP][PASSED] - setText(findTestObject("Object Repository/reto_while/Page_Google/input__q"), "5+" + num): Text '5+3' is set on object 'Object Repository/reto_while/Page_Google/input__q'

2023-01-28 11:59:39 - [MESSAGE][PASSED] - Text '5+3' is set on object 'Object Repository/reto_while/Page_Google/input__q'

2023-01-28 11:59:39 - [TEST_STEP][PASSED] - sendKeys(findTestObject("Object Repository/reto_while/Page_Google/input__q"), Keys.chord(ENTER)): Keys 'ENTER + ' sent to object: 'Object Repository/reto_while/Page_Google/input__q'

2023-01-28 11:59:41 - [MESSAGE][PASSED] - Keys 'ENTER + ' sent to object: 'Object Repository/reto_while/Page_Google/input__q'

2023-01-28 11:59:41 - [TEST_STEP][PASSED] - res = getText(findTestObject("reto_while/Page_Google/Resultado")).toInteger(): Text of object 'Object Repository/reto_while/Page_Google/Resultado' is: '8'

2023-01-28 11:59:42 - [MESSAGE][PASSED] - Text of object 'Object Repository/reto_while/Page_Google/Resultado' is: '8'

2023-01-28 11:59:42 - [TEST_STEP][PASSED] - print(res): null

2023-01-28 11:59:42 - [TEST_STEP][PASSED] - if (res == 8): Browser is closed

2023-01-28 11:59:42 - [TEST_STEP][PASSED] - closeBrowser(): Browser is closed

2023-01-28 11:59:42 - [MESSAGE][PASSED] - Browser is closed]]></system-out>
         <system-err><![CDATA[]]></system-err>
      </testcase>
      <system-out><![CDATA[2023-01-28 11:57:52 - [TEST_SUITE][PASSED] - Integration_tests: Test Cases/bucles/Reto_while_solution]]></system-out>
      <system-err><![CDATA[]]></system-err>
   </testsuite>
</testsuites>
